The system is: Windows - 10.0.15063 - AMD64
Compiling the C compiler identification source file "CMakeCCompilerId.c" succeeded.
Compiler: C:/Program Files (x86)/Microsoft Visual Studio/2017/BuildTools/VC/Tools/MSVC/14.16.27023/bin/Hostx86/x86/cl.exe 
Build flags: 
Id flags:  

The output was:
0
Microsoft (R) C/C++ Optimizing Compiler Version 19.16.27024.1 for x86
Copyright (C) Microsoft Corporation.  All rights reserved.

CMakeCCompilerId.c
Microsoft (R) Incremental Linker Version 14.16.27024.1
Copyright (C) Microsoft Corporation.  All rights reserved.

/out:CMakeCCompilerId.exe 
CMakeCCompilerId.obj 


Compilation of the C compiler identification source "CMakeCCompilerId.c" produced "CMakeCCompilerId.exe"

Compilation of the C compiler identification source "CMakeCCompilerId.c" produced "CMakeCCompilerId.obj"

The C compiler identification is MSVC, found in "C:/Users/JerryZhang/OneDrive - Concordia University - Canada/Current Course/Comp348/A3Q5/cmake-build-debug/CMakeFiles/3.12.3/CompilerIdC/CMakeCCompilerId.exe"

Determining if the C compiler works passed with the following output:
Change Dir: C:/Users/JerryZhang/OneDrive - Concordia University - Canada/Current Course/Comp348/A3Q5/cmake-build-debug/CMakeFiles/CMakeTmp

Run Build Command:"nmake" "/nologo" "cmTC_a4ae4\fast"
	"C:\Program Files (x86)\Microsoft Visual Studio\2017\BuildTools\VC\Tools\MSVC\14.16.27023\bin\HostX86\x86\nmake.exe" -f CMakeFiles\cmTC_a4ae4.dir\build.make /nologo -L                  CMakeFiles\cmTC_a4ae4.dir\build
Building C object CMakeFiles/cmTC_a4ae4.dir/testCCompiler.c.obj
	C:\PROGRA~2\MICROS~3\2017\BUILDT~1\VC\Tools\MSVC\1416~1.270\bin\Hostx86\x86\cl.exe @C:\Users\JERRYZ~1\AppData\Local\Temp\nmAFA7.tmp
testCCompiler.c
Linking C executable cmTC_a4ae4.exe
	"C:\Program Files\JetBrains\CLion 2018.2.6\bin\cmake\win\bin\cmake.exe" -E vs_link_exe --intdir=CMakeFiles\cmTC_a4ae4.dir --manifests  -- C:\PROGRA~2\MICROS~3\2017\BUILDT~1\VC\Tools\MSVC\1416~1.270\bin\Hostx86\x86\link.exe /nologo @CMakeFiles\cmTC_a4ae4.dir\objects1.rsp @C:\Users\JERRYZ~1\AppData\Local\Temp\nmB48A.tmp


Detecting C compiler ABI info compiled with the following output:
Change Dir: C:/Users/JerryZhang/OneDrive - Concordia University - Canada/Current Course/Comp348/A3Q5/cmake-build-debug/CMakeFiles/CMakeTmp

Run Build Command:"nmake" "/nologo" "cmTC_c4a09\fast"
	"C:\Program Files (x86)\Microsoft Visual Studio\2017\BuildTools\VC\Tools\MSVC\14.16.27023\bin\HostX86\x86\nmake.exe" -f CMakeFiles\cmTC_c4a09.dir\build.make /nologo -L                  CMakeFiles\cmTC_c4a09.dir\build
Building C object CMakeFiles/cmTC_c4a09.dir/CMakeCCompilerABI.c.obj
	C:\PROGRA~2\MICROS~3\2017\BUILDT~1\VC\Tools\MSVC\1416~1.270\bin\Hostx86\x86\cl.exe @C:\Users\JERRYZ~1\AppData\Local\Temp\nmBE7C.tmp
CMakeCCompilerABI.c
Linking C executable cmTC_c4a09.exe
	"C:\Program Files\JetBrains\CLion 2018.2.6\bin\cmake\win\bin\cmake.exe" -E vs_link_exe --intdir=CMakeFiles\cmTC_c4a09.dir --manifests  -- C:\PROGRA~2\MICROS~3\2017\BUILDT~1\VC\Tools\MSVC\1416~1.270\bin\Hostx86\x86\link.exe /nologo @CMakeFiles\cmTC_c4a09.dir\objects1.rsp @C:\Users\JERRYZ~1\AppData\Local\Temp\nmBFF4.tmp




Detecting C [] compiler features compiled with the following output:
Change Dir: C:/Users/JerryZhang/OneDrive - Concordia University - Canada/Current Course/Comp348/A3Q5/cmake-build-debug/CMakeFiles/CMakeTmp

Run Build Command:"nmake" "/nologo" "cmTC_4b0d0\fast"
	"C:\Program Files (x86)\Microsoft Visual Studio\2017\BuildTools\VC\Tools\MSVC\14.16.27023\bin\HostX86\x86\nmake.exe" -f CMakeFiles\cmTC_4b0d0.dir\build.make /nologo -L                  CMakeFiles\cmTC_4b0d0.dir\build
Building C object CMakeFiles/cmTC_4b0d0.dir/feature_tests.c.obj
	C:\PROGRA~2\MICROS~3\2017\BUILDT~1\VC\Tools\MSVC\1416~1.270\bin\Hostx86\x86\cl.exe @C:\Users\JERRYZ~1\AppData\Local\Temp\nmCC95.tmp
feature_tests.c
Linking C executable cmTC_4b0d0.exe
	"C:\Program Files\JetBrains\CLion 2018.2.6\bin\cmake\win\bin\cmake.exe" -E vs_link_exe --intdir=CMakeFiles\cmTC_4b0d0.dir --manifests  -- C:\PROGRA~2\MICROS~3\2017\BUILDT~1\VC\Tools\MSVC\1416~1.270\bin\Hostx86\x86\link.exe /nologo @CMakeFiles\cmTC_4b0d0.dir\objects1.rsp @C:\Users\JERRYZ~1\AppData\Local\Temp\nmCE7B.tmp


    Feature record: C_FEATURE:1c_function_prototypes
    Feature record: C_FEATURE:1c_variadic_macros
